<?xml version="1.0" encoding="UTF-8"?>
<testng-results skipped="0" failed="0" total="14" passed="14">
  <reporter-output>
  </reporter-output>
  <suite name="Default suite" duration-ms="26002" started-at="2014-11-21T16:02:08Z" finished-at="2014-11-21T16:02:34Z">
    <groups>
    </groups>
    <test name="Default test" duration-ms="26002" started-at="2014-11-21T16:02:08Z" finished-at="2014-11-21T16:02:34Z">
      <class name="com.example.tests.GroupCreationTests">
        <test-method status="PASS" signature="testGroupCreationWithValidData(com.example.tests.GroupData)[pri:0, instance:com.example.tests.GroupCreationTests@d55a0f]" name="testGroupCreationWithValidData" duration-ms="875" started-at="2014-11-21T20:02:29Z" data-provider="randomValidGroupGenerator" finished-at="2014-11-21T20:02:30Z">
          <params>
            <param index="0">
              <value>
                <![CDATA[GroupData [groupName=test2031076686, groupHeader=, groupFooter=]]]>
              </value>
            </param>
          </params>
          <reporter-output>
          </reporter-output>
        </test-method> <!-- testGroupCreationWithValidData -->
        <test-method status="PASS" signature="testGroupCreationWithValidData(com.example.tests.GroupData)[pri:0, instance:com.example.tests.GroupCreationTests@d55a0f]" name="testGroupCreationWithValidData" duration-ms="797" started-at="2014-11-21T20:02:30Z" data-provider="randomValidGroupGenerator" finished-at="2014-11-21T20:02:31Z">
          <params>
            <param index="0">
              <value>
                <![CDATA[GroupData [groupName=, groupHeader=test-507255872, groupFooter=test-1085907719]]]>
              </value>
            </param>
          </params>
          <reporter-output>
          </reporter-output>
        </test-method> <!-- testGroupCreationWithValidData -->
        <test-method status="PASS" signature="testGroupCreationWithValidData(com.example.tests.GroupData)[pri:0, instance:com.example.tests.GroupCreationTests@d55a0f]" name="testGroupCreationWithValidData" duration-ms="844" started-at="2014-11-21T20:02:31Z" data-provider="randomValidGroupGenerator" finished-at="2014-11-21T20:02:32Z">
          <params>
            <param index="0">
              <value>
                <![CDATA[GroupData [groupName=test1218448165, groupHeader=test-1635758109, groupFooter=test-1843294231]]]>
              </value>
            </param>
          </params>
          <reporter-output>
          </reporter-output>
        </test-method> <!-- testGroupCreationWithValidData -->
        <test-method status="PASS" signature="testGroupCreationWithValidData(com.example.tests.GroupData)[pri:0, instance:com.example.tests.GroupCreationTests@d55a0f]" name="testGroupCreationWithValidData" duration-ms="796" started-at="2014-11-21T20:02:32Z" data-provider="randomValidGroupGenerator" finished-at="2014-11-21T20:02:33Z">
          <params>
            <param index="0">
              <value>
                <![CDATA[GroupData [groupName=test629767637, groupHeader=, groupFooter=]]]>
              </value>
            </param>
          </params>
          <reporter-output>
          </reporter-output>
        </test-method> <!-- testGroupCreationWithValidData -->
        <test-method status="PASS" signature="testGroupCreationWithValidData(com.example.tests.GroupData)[pri:0, instance:com.example.tests.GroupCreationTests@d55a0f]" name="testGroupCreationWithValidData" duration-ms="797" started-at="2014-11-21T20:02:33Z" data-provider="randomValidGroupGenerator" finished-at="2014-11-21T20:02:33Z">
          <params>
            <param index="0">
              <value>
                <![CDATA[GroupData [groupName=, groupHeader=test-2131376198, groupFooter=test795703668]]]>
              </value>
            </param>
          </params>
          <reporter-output>
          </reporter-output>
        </test-method> <!-- testGroupCreationWithValidData -->
      </class> <!-- com.example.tests.GroupCreationTests -->
      <class name="com.example.tests.UserAddingTests">
        <test-method status="PASS" signature="testUserAddingWithValidData(com.example.tests.UserData)[pri:0, instance:com.example.tests.UserAddingTests@29626a]" name="testUserAddingWithValidData" duration-ms="2032" started-at="2014-11-21T20:02:21Z" data-provider="randomValidUserGenerator" finished-at="2014-11-21T20:02:23Z">
          <params>
            <param index="0">
              <value>
                <![CDATA[UserData [userName=Ivan, userSndName=Ivanov, userMainAddress=1, Red squre, Moscow, Russia, userHomeTelephone=12345, userMobilePhone=+79121231234, userWorkTelephone=none, userEmail=vanya@anebaran.da, userSndEmail=none, userBrthDay=9, userBrthMonth=May, userBrthYear=1945, userGroupName=Main group, userSndAddress=Right on the square, userSndPhone=nono phone]]]>
              </value>
            </param>
          </params>
          <reporter-output>
          </reporter-output>
        </test-method> <!-- testUserAddingWithValidData -->
      </class> <!-- com.example.tests.UserAddingTests -->
      <class name="com.example.tests.UserRemovingTests">
        <test-method status="PASS" signature="removeSomeUser()[pri:0, instance:com.example.tests.UserRemovingTests@1a183d2]" name="removeSomeUser" duration-ms="2578" started-at="2014-11-21T20:02:17Z" finished-at="2014-11-21T20:02:20Z">
          <reporter-output>
          </reporter-output>
        </test-method> <!-- removeSomeUser -->
      </class> <!-- com.example.tests.UserRemovingTests -->
      <class name="com.example.tests.GroupRemovingTests">
        <test-method status="PASS" signature="setUp()[pri:0, instance:com.example.tests.GroupRemovingTests@19e0994]" name="setUp" is-config="true" duration-ms="9595" started-at="2014-11-21T20:02:08Z" finished-at="2014-11-21T20:02:17Z">
          <reporter-output>
          </reporter-output>
        </test-method> <!-- setUp -->
        <test-method status="PASS" signature="removeSomeGroup()[pri:0, instance:com.example.tests.GroupRemovingTests@19e0994]" name="removeSomeGroup" duration-ms="859" started-at="2014-11-21T20:02:20Z" finished-at="2014-11-21T20:02:21Z">
          <reporter-output>
          </reporter-output>
        </test-method> <!-- removeSomeGroup -->
        <test-method status="PASS" signature="tearDown()[pri:0, instance:com.example.tests.GroupRemovingTests@19e0994]" name="tearDown" is-config="true" duration-ms="204" started-at="2014-11-21T20:02:33Z" finished-at="2014-11-21T20:02:34Z">
          <reporter-output>
          </reporter-output>
        </test-method> <!-- tearDown -->
      </class> <!-- com.example.tests.GroupRemovingTests -->
      <class name="com.example.tests.GroupModificationTests">
        <test-method status="PASS" signature="modifySomeGroup(com.example.tests.GroupData)[pri:0, instance:com.example.tests.GroupModificationTests@fc4957]" name="modifySomeGroup" duration-ms="1501" started-at="2014-11-21T20:02:24Z" data-provider="randomValidGroupGenerator" finished-at="2014-11-21T20:02:25Z">
          <params>
            <param index="0">
              <value>
                <![CDATA[GroupData [groupName=, groupHeader=, groupFooter=test-438280686]]]>
              </value>
            </param>
          </params>
          <reporter-output>
          </reporter-output>
        </test-method> <!-- modifySomeGroup -->
        <test-method status="PASS" signature="modifySomeGroup(com.example.tests.GroupData)[pri:0, instance:com.example.tests.GroupModificationTests@fc4957]" name="modifySomeGroup" duration-ms="1437" started-at="2014-11-21T20:02:25Z" data-provider="randomValidGroupGenerator" finished-at="2014-11-21T20:02:27Z">
          <params>
            <param index="0">
              <value>
                <![CDATA[GroupData [groupName=, groupHeader=, groupFooter=]]]>
              </value>
            </param>
          </params>
          <reporter-output>
          </reporter-output>
        </test-method> <!-- modifySomeGroup -->
        <test-method status="PASS" signature="modifySomeGroup(com.example.tests.GroupData)[pri:0, instance:com.example.tests.GroupModificationTests@fc4957]" name="modifySomeGroup" duration-ms="860" started-at="2014-11-21T20:02:27Z" data-provider="randomValidGroupGenerator" finished-at="2014-11-21T20:02:27Z">
          <params>
            <param index="0">
              <value>
                <![CDATA[GroupData [groupName=test-349922004, groupHeader=test1586611501, groupFooter=test1945923592]]]>
              </value>
            </param>
          </params>
          <reporter-output>
          </reporter-output>
        </test-method> <!-- modifySomeGroup -->
        <test-method status="PASS" signature="modifySomeGroup(com.example.tests.GroupData)[pri:0, instance:com.example.tests.GroupModificationTests@fc4957]" name="modifySomeGroup" duration-ms="968" started-at="2014-11-21T20:02:27Z" data-provider="randomValidGroupGenerator" finished-at="2014-11-21T20:02:28Z">
          <params>
            <param index="0">
              <value>
                <![CDATA[GroupData [groupName=test-1267994802, groupHeader=, groupFooter=]]]>
              </value>
            </param>
          </params>
          <reporter-output>
          </reporter-output>
        </test-method> <!-- modifySomeGroup -->
        <test-method status="PASS" signature="modifySomeGroup(com.example.tests.GroupData)[pri:0, instance:com.example.tests.GroupModificationTests@fc4957]" name="modifySomeGroup" duration-ms="938" started-at="2014-11-21T20:02:28Z" data-provider="randomValidGroupGenerator" finished-at="2014-11-21T20:02:29Z">
          <params>
            <param index="0">
              <value>
                <![CDATA[GroupData [groupName=test-2133038646, groupHeader=test-463530351, groupFooter=test-1509892108]]]>
              </value>
            </param>
          </params>
          <reporter-output>
          </reporter-output>
        </test-method> <!-- modifySomeGroup -->
      </class> <!-- com.example.tests.GroupModificationTests -->
      <class name="com.example.tests.UserModificationTests">
        <test-method status="PASS" signature="modifySomeUser()[pri:0, instance:com.example.tests.UserModificationTests@17cd18d]" name="modifySomeUser" duration-ms="906" started-at="2014-11-21T20:02:23Z" finished-at="2014-11-21T20:02:24Z">
          <reporter-output>
          </reporter-output>
        </test-method> <!-- modifySomeUser -->
      </class> <!-- com.example.tests.UserModificationTests -->
    </test> <!-- Default test -->
  </suite> <!-- Default suite -->
</testng-results>
