<?xml version="1.0" encoding="UTF-8"?>
<!-- Generated by org.testng.reporters.JUnitXMLReporter -->
<testsuite hostname="ZyrNI" name="Default test" tests="3" failures="0" timestamp="23 Oct 2014 15:55:46 GMT" time="27.314" errors="0">
  <testcase name="testNonEmptyUserCreation" time="5.235" classname="com.example.tests.UserAdding"/>
  <testcase name="testEmptyGroupCreation" time="1.312" classname="com.example.tests.GroupCreationTests"/>
  <testcase name="testNonEmptyGroupCreation" time="1.094" classname="com.example.tests.GroupCreationTests"/>
</testsuite> <!-- Default test -->
